<?xml version="1.0" encoding="UTF-8"?>
<!-- Generated by org.testng.reporters.JUnitReportReporter -->
<testsuite hostname="Dineshkumar" failures="0" tests="2" name="com.runner.Test_Runner" time="25.807" errors="2" timestamp="2025-02-14T23:38:33 IST" skipped="0">
  <testcase classname="com.runner.Test_Runner" name="runScenario" time="13.991">
    <error message="Argument is of an illegal type: org.openqa.selenium.remote.ShadowRoot" type="java.lang.IllegalArgumentException">
      <![CDATA[java.lang.IllegalArgumentException: Argument is of an illegal type: org.openqa.selenium.remote.ShadowRoot
at org.openqa.selenium.remote.internal.WebElementToJsonConverter.apply(WebElementToJsonConverter.java:82)
at java.base/java.util.stream.ReferencePipeline$3$1.accept(ReferencePipeline.java:195)
at java.base/java.util.Spliterators$ArraySpliterator.forEachRemaining(Spliterators.java:948)
at java.base/java.util.stream.AbstractPipeline.copyInto(AbstractPipeline.java:484)
at java.base/java.util.stream.AbstractPipeline.wrapAndCopyInto(AbstractPipeline.java:474)
at java.base/java.util.stream.ReduceOps$ReduceOp.evaluateSequential(ReduceOps.java:913)
at java.base/java.util.stream.AbstractPipeline.evaluate(AbstractPipeline.java:234)
at java.base/java.util.stream.ReferencePipeline.collect(ReferencePipeline.java:578)
at org.openqa.selenium.remote.RemoteWebDriver.executeScript(RemoteWebDriver.java:466)
at com.qstepdef.StepDefinition.user_Click_The_Parfum_Category(StepDefinition.java:47)
at ✽.user Click The Parfum Category(file:///C:/Users/pdine/eclipse-workspace/Assessmen/src/test/java/com/parfum/ParfumPage.feature:6)
]]>
    </error>
  </testcase> <!-- runScenario -->
  <testcase classname="com.runner.Test_Runner" name="runScenario" time="11.816">
    <error message="Argument is of an illegal type: org.openqa.selenium.remote.ShadowRoot" type="java.lang.IllegalArgumentException">
      <![CDATA[java.lang.IllegalArgumentException: Argument is of an illegal type: org.openqa.selenium.remote.ShadowRoot
at org.openqa.selenium.remote.internal.WebElementToJsonConverter.apply(WebElementToJsonConverter.java:82)
at java.base/java.util.stream.ReferencePipeline$3$1.accept(ReferencePipeline.java:195)
at java.base/java.util.Spliterators$ArraySpliterator.forEachRemaining(Spliterators.java:948)
at java.base/java.util.stream.AbstractPipeline.copyInto(AbstractPipeline.java:484)
at java.base/java.util.stream.AbstractPipeline.wrapAndCopyInto(AbstractPipeline.java:474)
at java.base/java.util.stream.ReduceOps$ReduceOp.evaluateSequential(ReduceOps.java:913)
at java.base/java.util.stream.AbstractPipeline.evaluate(AbstractPipeline.java:234)
at java.base/java.util.stream.ReferencePipeline.collect(ReferencePipeline.java:578)
at org.openqa.selenium.remote.RemoteWebDriver.executeScript(RemoteWebDriver.java:466)
at com.qstepdef.StepDefinition.user_Click_The_Parfum_Category(StepDefinition.java:47)
at ✽.user Click The Parfum Category(file:///C:/Users/pdine/eclipse-workspace/Assessmen/src/test/java/com/parfum/ParfumPage.feature:6)
]]>
    </error>
  </testcase> <!-- runScenario -->
</testsuite> <!-- com.runner.Test_Runner -->
